<?xml version="1.0" encoding="UTF-8"?>
<!-- Generated by org.testng.reporters.JUnitReportReporter -->
<testsuite skipped="0" hostname="DELL-PC" name="TestScripts.ValidateDifferentTabs" tests="1" failures="0" timestamp="14 Feb 2018 17:22:06 GMT" time="181.944" errors="0">
  <testcase name="ValidateDifferentTabsNavigation" time="181.944" classname="TestScripts.ValidateDifferentTabs"/>
</testsuite> <!-- TestScripts.ValidateDifferentTabs -->
