<?xml version="1.0" encoding="UTF-8"?>
<!-- Generated by org.testng.reporters.JUnitReportReporter -->
<testsuite skipped="0" hostname="DELL-PC" name="TestScripts.ValidateFileUploadProcess" tests="1" failures="0" timestamp="16 Feb 2018 17:15:26 GMT" time="126.002" errors="0">
  <testcase name="ValidateFileUploadProcess_FileSizes" time="126.002" classname="TestScripts.ValidateFileUploadProcess"/>
</testsuite> <!-- TestScripts.ValidateFileUploadProcess -->
